<?xml version="1.0" encoding="UTF-8"?>
<!-- Generated by org.testng.reporters.JUnitXMLReporter -->
<testsuite hostname="admin-PC" ignored="2" name="Default test" tests="1" failures="0" timestamp="07 Jul 2019 07:12:16 GMT" time="144.646" errors="0">
  <testcase name="homepage" time="143.289" classname="openweather.Testcase1"/>
  <testcase name="invalid" time="0.0" classname="openweather.Testcase1">
    <ignored/>
  </testcase> <!-- invalid -->
  <testcase name="valid" time="0.0" classname="openweather.Testcase1">
    <ignored/>
  </testcase> <!-- valid -->
</testsuite> <!-- Default test -->
